{
  "stats": {
    "suites": 1,
    "tests": 1,
    "passes": 1,
    "pending": 0,
    "failures": 0,
    "start": "2023-03-14T20:30:14.895Z",
    "end": "2023-03-14T20:30:17.218Z",
    "duration": 2323,
    "testsRegistered": 1,
    "passPercent": 100,
    "pendingPercent": 0,
    "other": 0,
    "hasOther": false,
    "skipped": 0,
    "hasSkipped": false
  },
  "results": [
    {
      "uuid": "7dacc5f4-0e97-4277-99c2-27e3e1e13004",
      "title": "",
      "fullFile": "cypress/e2e/folder2/new-spec.cy.js",
      "file": "cypress/e2e/folder2/new-spec.cy.js",
      "beforeHooks": [],
      "afterHooks": [],
      "tests": [],
      "suites": [
        {
          "uuid": "51df70e2-b39a-4feb-b3d5-d89a05dde3bc",
          "title": "login v2",
          "fullFile": "",
          "file": "",
          "beforeHooks": [],
          "afterHooks": [],
          "tests": [
            {
              "title": "should naviagte to idv2 login and load the page",
              "fullTitle": "login v2 should naviagte to idv2 login and load the page",
              "timedOut": null,
              "duration": 1037,
              "state": "passed",
              "speed": "fast",
              "pass": true,
              "fail": false,
              "pending": false,
              "context": null,
              "code": "cy.contains(\"Don't have an account ID?\");",
              "err": {},
              "uuid": "2689a4bc-ef9e-4c55-87a2-f796c2ecdc26",
              "parentUUID": "51df70e2-b39a-4feb-b3d5-d89a05dde3bc",
              "isHook": false,
              "skipped": false
            }
          ],
          "suites": [],
          "passes": [
            "2689a4bc-ef9e-4c55-87a2-f796c2ecdc26"
          ],
          "failures": [],
          "pending": [],
          "skipped": [],
          "duration": 1037,
          "root": false,
          "rootEmpty": false,
          "_timeout": 2000
        }
      ],
      "passes": [],
      "failures": [],
      "pending": [],
      "skipped": [],
      "duration": 0,
      "root": true,
      "rootEmpty": true,
      "_timeout": 2000
    }
  ],
  "meta": {
    "mocha": {
      "version": "7.0.1"
    },
    "mochawesome": {
      "options": {
        "quiet": false,
        "reportFilename": "mochawesome",
        "saveHtml": false,
        "saveJson": true,
        "consoleReporter": "spec",
        "useInlineDiffs": false,
        "code": true
      },
      "version": "7.1.3"
    },
    "marge": {
      "options": {
        "reportDir": "cypress/results",
        "overwrite": false,
        "html": false,
        "json": true
      },
      "version": "6.2.0"
    }
  }
}