{
  "stats": {
    "suites": 1,
    "tests": 2,
    "passes": 2,
    "pending": 0,
    "failures": 0,
    "start": "2023-03-14T20:30:03.713Z",
    "end": "2023-03-14T20:30:11.212Z",
    "duration": 7499,
    "testsRegistered": 2,
    "passPercent": 100,
    "pendingPercent": 0,
    "other": 0,
    "hasOther": false,
    "skipped": 0,
    "hasSkipped": false
  },
  "results": [
    {
      "uuid": "a1f9cd28-7703-4bc4-a429-03304c9adfea",
      "title": "",
      "fullFile": "cypress/e2e/folder1/login-spec.cy.js",
      "file": "cypress/e2e/folder1/login-spec.cy.js",
      "beforeHooks": [],
      "afterHooks": [],
      "tests": [],
      "suites": [
        {
          "uuid": "3e5721ab-9770-4135-b4c7-beb76691b414",
          "title": "login v1",
          "fullFile": "",
          "file": "",
          "beforeHooks": [],
          "afterHooks": [],
          "tests": [
            {
              "title": "should display account id is required",
              "fullTitle": "login v1 should display account id is required",
              "timedOut": null,
              "duration": 2689,
              "state": "passed",
              "speed": "fast",
              "pass": true,
              "fail": false,
              "pending": false,
              "context": null,
              "code": "cy.get('[data-cy=account-id]').type('abcde');\ncy.get('[data-cy=email]').type(_utils.MFA_STG02_USER_EMAIL);\ncy.get('[data-cy=password]').type(_utils.MFA_STG02_USER_PASSWORD);\ncy.get('[data-cy=login-button]').click();\ncy.contains('Account ID is required field');",
              "err": {},
              "uuid": "a009ce78-b411-4651-b102-af4c9f57383a",
              "parentUUID": "3e5721ab-9770-4135-b4c7-beb76691b414",
              "isHook": false,
              "skipped": false
            },
            {
              "title": "should display invalid account id",
              "fullTitle": "login v1 should display invalid account id",
              "timedOut": null,
              "duration": 2990,
              "state": "passed",
              "speed": "fast",
              "pass": true,
              "fail": false,
              "pending": false,
              "context": null,
              "code": "cy.get('[data-cy=account-id]').type('12345678901234567890');\ncy.get('[data-cy=email]').type(_utils.MFA_STG02_USER_EMAIL);\ncy.get('[data-cy=password]').type(_utils.MFA_STG02_USER_PASSWORD);\ncy.get('[data-cy=login-button]').click();\ncy.contains('Account ID is invalid. Please try again');",
              "err": {},
              "uuid": "af49e142-2a64-496f-ad6a-2871ef3ac860",
              "parentUUID": "3e5721ab-9770-4135-b4c7-beb76691b414",
              "isHook": false,
              "skipped": false
            }
          ],
          "suites": [],
          "passes": [
            "a009ce78-b411-4651-b102-af4c9f57383a",
            "af49e142-2a64-496f-ad6a-2871ef3ac860"
          ],
          "failures": [],
          "pending": [],
          "skipped": [],
          "duration": 5679,
          "root": false,
          "rootEmpty": false,
          "_timeout": 2000
        }
      ],
      "passes": [],
      "failures": [],
      "pending": [],
      "skipped": [],
      "duration": 0,
      "root": true,
      "rootEmpty": true,
      "_timeout": 2000
    }
  ],
  "meta": {
    "mocha": {
      "version": "7.0.1"
    },
    "mochawesome": {
      "options": {
        "quiet": false,
        "reportFilename": "mochawesome",
        "saveHtml": false,
        "saveJson": true,
        "consoleReporter": "spec",
        "useInlineDiffs": false,
        "code": true
      },
      "version": "7.1.3"
    },
    "marge": {
      "options": {
        "reportDir": "cypress/results",
        "overwrite": false,
        "html": false,
        "json": true
      },
      "version": "6.2.0"
    }
  }
}